Analysis & Synthesis report for small8_controller
Sun Apr 03 14:48:56 2016
Quartus II Version 9.1 Build 222 10/21/2009 SJ Web Edition


---------------------
; Table of Contents ;
---------------------
  1. Legal Notice
  2. Analysis & Synthesis Summary
  3. Analysis & Synthesis Settings
  4. Parallel Compilation
  5. Analysis & Synthesis Source Files Read
  6. Analysis & Synthesis Resource Usage Summary
  7. Analysis & Synthesis Resource Utilization by Entity
  8. State Machine - |small8_controller|state
  9. Registers Removed During Synthesis
 10. General Register Statistics
 11. Multiplexer Restructuring Statistics (Restructuring Performed)
 12. Analysis & Synthesis Messages



----------------
; Legal Notice ;
----------------
Copyright (C) 1991-2009 Altera Corporation
Your use of Altera Corporation's design tools, logic functions 
and other software and tools, and its AMPP partner logic 
functions, and any output files from any of the foregoing 
(including device programming or simulation files), and any 
associated documentation or information are expressly subject 
to the terms and conditions of the Altera Program License 
Subscription Agreement, Altera MegaCore Function License 
Agreement, or other applicable license agreement, including, 
without limitation, that your use is for the sole purpose of 
programming logic devices manufactured by Altera and sold by 
Altera or its authorized distributors.  Please refer to the 
applicable agreement for further details.



+------------------------------------------------------------------------------+
; Analysis & Synthesis Summary                                                 ;
+------------------------------------+-----------------------------------------+
; Analysis & Synthesis Status        ; Successful - Sun Apr 03 14:48:56 2016   ;
; Quartus II Version                 ; 9.1 Build 222 10/21/2009 SJ Web Edition ;
; Revision Name                      ; small8_controller                       ;
; Top-level Entity Name              ; small8_controller                       ;
; Family                             ; Cyclone III                             ;
; Total logic elements               ; 12                                      ;
;     Total combinational functions  ; 9                                       ;
;     Dedicated logic registers      ; 7                                       ;
; Total registers                    ; 7                                       ;
; Total pins                         ; 52                                      ;
; Total virtual pins                 ; 0                                       ;
; Total memory bits                  ; 0                                       ;
; Embedded Multiplier 9-bit elements ; 0                                       ;
; Total PLLs                         ; 0                                       ;
+------------------------------------+-----------------------------------------+


+----------------------------------------------------------------------------------------------------------------------+
; Analysis & Synthesis Settings                                                                                        ;
+----------------------------------------------------------------------------+--------------------+--------------------+
; Option                                                                     ; Setting            ; Default Value      ;
+----------------------------------------------------------------------------+--------------------+--------------------+
; Device                                                                     ; EP3C16F484C6       ;                    ;
; Top-level entity name                                                      ; small8_controller  ; small8_controller  ;
; Family name                                                                ; Cyclone III        ; Stratix II         ;
; Use Generated Physical Constraints File                                    ; Off                ;                    ;
; Use smart compilation                                                      ; Off                ; Off                ;
; Enable parallel Assembler and TimeQuest Timing Analyzer during compilation ; On                 ; On                 ;
; Enable compact report table                                                ; Off                ; Off                ;
; Restructure Multiplexers                                                   ; Auto               ; Auto               ;
; Create Debugging Nodes for IP Cores                                        ; Off                ; Off                ;
; Preserve fewer node names                                                  ; On                 ; On                 ;
; Disable OpenCore Plus hardware evaluation                                  ; Off                ; Off                ;
; Verilog Version                                                            ; Verilog_2001       ; Verilog_2001       ;
; VHDL Version                                                               ; VHDL_1993          ; VHDL_1993          ;
; State Machine Processing                                                   ; Auto               ; Auto               ;
; Safe State Machine                                                         ; Off                ; Off                ;
; Extract Verilog State Machines                                             ; On                 ; On                 ;
; Extract VHDL State Machines                                                ; On                 ; On                 ;
; Ignore Verilog initial constructs                                          ; Off                ; Off                ;
; Iteration limit for constant Verilog loops                                 ; 5000               ; 5000               ;
; Iteration limit for non-constant Verilog loops                             ; 250                ; 250                ;
; Add Pass-Through Logic to Inferred RAMs                                    ; On                 ; On                 ;
; Parallel Synthesis                                                         ; On                 ; On                 ;
; DSP Block Balancing                                                        ; Auto               ; Auto               ;
; NOT Gate Push-Back                                                         ; On                 ; On                 ;
; Power-Up Don't Care                                                        ; On                 ; On                 ;
; Remove Redundant Logic Cells                                               ; Off                ; Off                ;
; Remove Duplicate Registers                                                 ; On                 ; On                 ;
; Ignore CARRY Buffers                                                       ; Off                ; Off                ;
; Ignore CASCADE Buffers                                                     ; Off                ; Off                ;
; Ignore GLOBAL Buffers                                                      ; Off                ; Off                ;
; Ignore ROW GLOBAL Buffers                                                  ; Off                ; Off                ;
; Ignore LCELL Buffers                                                       ; Off                ; Off                ;
; Ignore SOFT Buffers                                                        ; On                 ; On                 ;
; Limit AHDL Integers to 32 Bits                                             ; Off                ; Off                ;
; Optimization Technique                                                     ; Balanced           ; Balanced           ;
; Carry Chain Length                                                         ; 70                 ; 70                 ;
; Auto Carry Chains                                                          ; On                 ; On                 ;
; Auto Open-Drain Pins                                                       ; On                 ; On                 ;
; Perform WYSIWYG Primitive Resynthesis                                      ; Off                ; Off                ;
; Auto ROM Replacement                                                       ; On                 ; On                 ;
; Auto RAM Replacement                                                       ; On                 ; On                 ;
; Auto DSP Block Replacement                                                 ; On                 ; On                 ;
; Auto Shift Register Replacement                                            ; Auto               ; Auto               ;
; Auto Clock Enable Replacement                                              ; On                 ; On                 ;
; Strict RAM Replacement                                                     ; Off                ; Off                ;
; Allow Synchronous Control Signals                                          ; On                 ; On                 ;
; Force Use of Synchronous Clear Signals                                     ; Off                ; Off                ;
; Auto RAM Block Balancing                                                   ; On                 ; On                 ;
; Auto RAM to Logic Cell Conversion                                          ; Off                ; Off                ;
; Auto Resource Sharing                                                      ; Off                ; Off                ;
; Allow Any RAM Size For Recognition                                         ; Off                ; Off                ;
; Allow Any ROM Size For Recognition                                         ; Off                ; Off                ;
; Allow Any Shift Register Size For Recognition                              ; Off                ; Off                ;
; Use LogicLock Constraints during Resource Balancing                        ; On                 ; On                 ;
; Ignore translate_off and synthesis_off directives                          ; Off                ; Off                ;
; Timing-Driven Synthesis                                                    ; On                 ; On                 ;
; Show Parameter Settings Tables in Synthesis Report                         ; On                 ; On                 ;
; Ignore Maximum Fan-Out Assignments                                         ; Off                ; Off                ;
; Synchronization Register Chain Length                                      ; 2                  ; 2                  ;
; PowerPlay Power Optimization                                               ; Normal compilation ; Normal compilation ;
; HDL message level                                                          ; Level2             ; Level2             ;
; Suppress Register Optimization Related Messages                            ; Off                ; Off                ;
; Number of Removed Registers Reported in Synthesis Report                   ; 100                ; 100                ;
; Number of Inverted Registers Reported in Synthesis Report                  ; 100                ; 100                ;
; Clock MUX Protection                                                       ; On                 ; On                 ;
; Auto Gated Clock Conversion                                                ; Off                ; Off                ;
; Block Design Naming                                                        ; Auto               ; Auto               ;
; SDC constraint protection                                                  ; Off                ; Off                ;
; Synthesis Effort                                                           ; Auto               ; Auto               ;
; Shift Register Replacement - Allow Asynchronous Clear Signal               ; On                 ; On                 ;
; Analysis & Synthesis Message Level                                         ; Medium             ; Medium             ;
; Disable Register Merging Across Hierarchies                                ; Auto               ; Auto               ;
; Resource Aware Inference For Block RAM                                     ; On                 ; On                 ;
+----------------------------------------------------------------------------+--------------------+--------------------+


Parallel compilation was disabled, but you have multiple processors available. Enable parallel compilation to reduce compilation time.
+-------------------------------------+
; Parallel Compilation                ;
+----------------------------+--------+
; Processors                 ; Number ;
+----------------------------+--------+
; Number detected on machine ; 2      ;
; Maximum allowed            ; 1      ;
+----------------------------+--------+


+------------------------------------------------------------------------------------------------------------------------+
; Analysis & Synthesis Source Files Read                                                                                 ;
+----------------------------------+-----------------+-----------------+-------------------------------------------------+
; File Name with User-Entered Path ; Used in Netlist ; File Type       ; File Name with Absolute Path                    ;
+----------------------------------+-----------------+-----------------+-------------------------------------------------+
; alu_lib.vhd                      ; yes             ; User VHDL File  ; C:/altera/91/quartus/Lab7/alu_lib.vhd           ;
; small8_controller.vhd            ; yes             ; User VHDL File  ; C:/altera/91/quartus/Lab7/small8_controller.vhd ;
+----------------------------------+-----------------+-----------------+-------------------------------------------------+


+---------------------------------------------------------+
; Analysis & Synthesis Resource Usage Summary             ;
+---------------------------------------------+-----------+
; Resource                                    ; Usage     ;
+---------------------------------------------+-----------+
; Estimated Total logic elements              ; 12        ;
;                                             ;           ;
; Total combinational functions               ; 9         ;
; Logic element usage by number of LUT inputs ;           ;
;     -- 4 input functions                    ; 6         ;
;     -- 3 input functions                    ; 0         ;
;     -- <=2 input functions                  ; 3         ;
;                                             ;           ;
; Logic elements by mode                      ;           ;
;     -- normal mode                          ; 9         ;
;     -- arithmetic mode                      ; 0         ;
;                                             ;           ;
; Total registers                             ; 7         ;
;     -- Dedicated logic registers            ; 7         ;
;     -- I/O registers                        ; 0         ;
;                                             ;           ;
; I/O pins                                    ; 52        ;
; Maximum fan-out node                        ; clk~input ;
; Maximum fan-out                             ; 7         ;
; Total fan-out                               ; 112       ;
; Average fan-out                             ; 0.93      ;
+---------------------------------------------+-----------+


+-----------------------------------------------------------------------------------------------------------------------------------------------------------------------------+
; Analysis & Synthesis Resource Utilization by Entity                                                                                                                         ;
+----------------------------+-------------------+--------------+-------------+--------------+---------+-----------+------+--------------+---------------------+--------------+
; Compilation Hierarchy Node ; LC Combinationals ; LC Registers ; Memory Bits ; DSP Elements ; DSP 9x9 ; DSP 18x18 ; Pins ; Virtual Pins ; Full Hierarchy Name ; Library Name ;
+----------------------------+-------------------+--------------+-------------+--------------+---------+-----------+------+--------------+---------------------+--------------+
; |small8_controller         ; 9 (9)             ; 7 (7)        ; 0           ; 0            ; 0       ; 0         ; 52   ; 0            ; |small8_controller  ; work         ;
+----------------------------+-------------------+--------------+-------------+--------------+---------+-----------+------+--------------+---------------------+--------------+
Note: For table entries with two numbers listed, the numbers in parentheses indicate the number of resources of the given type used by the specific entity alone. The numbers listed outside of parentheses indicate the total resources of the given type used by the specific entity and all of its sub-entities in the hierarchy.


Encoding Type:  One-Hot
+-------------------------------------------------------------------------------------------------------------------------------------------------------------------------------------+
; State Machine - |small8_controller|state                                                                                                                                            ;
+-----------------+--------------+-----------------+----------------+----------------+-----------------+-----------------+----------------+----------------+-------------+------------+
; Name            ; state.state2 ; state.EXE_ADCR2 ; state.EXE_ADCR ; state.EXE_LDAD ; state.EXE_LDAA3 ; state.EXE_LDAA2 ; state.EXE_LDAA ; state.EXE_LDAI ; state.FETCH ; state.init ;
+-----------------+--------------+-----------------+----------------+----------------+-----------------+-----------------+----------------+----------------+-------------+------------+
; state.init      ; 0            ; 0               ; 0              ; 0              ; 0               ; 0               ; 0              ; 0              ; 0           ; 0          ;
; state.FETCH     ; 0            ; 0               ; 0              ; 0              ; 0               ; 0               ; 0              ; 0              ; 1           ; 1          ;
; state.EXE_LDAI  ; 0            ; 0               ; 0              ; 0              ; 0               ; 0               ; 0              ; 1              ; 0           ; 1          ;
; state.EXE_LDAA  ; 0            ; 0               ; 0              ; 0              ; 0               ; 0               ; 1              ; 0              ; 0           ; 1          ;
; state.EXE_LDAA2 ; 0            ; 0               ; 0              ; 0              ; 0               ; 1               ; 0              ; 0              ; 0           ; 1          ;
; state.EXE_LDAA3 ; 0            ; 0               ; 0              ; 0              ; 1               ; 0               ; 0              ; 0              ; 0           ; 1          ;
; state.EXE_LDAD  ; 0            ; 0               ; 0              ; 1              ; 0               ; 0               ; 0              ; 0              ; 0           ; 1          ;
; state.EXE_ADCR  ; 0            ; 0               ; 1              ; 0              ; 0               ; 0               ; 0              ; 0              ; 0           ; 1          ;
; state.EXE_ADCR2 ; 0            ; 1               ; 0              ; 0              ; 0               ; 0               ; 0              ; 0              ; 0           ; 1          ;
; state.state2    ; 1            ; 0               ; 0              ; 0              ; 0               ; 0               ; 0              ; 0              ; 0           ; 1          ;
+-----------------+--------------+-----------------+----------------+----------------+-----------------+-----------------+----------------+----------------+-------------+------------+


+--------------------------------------------------------------------------------+
; Registers Removed During Synthesis                                             ;
+---------------------------------------+----------------------------------------+
; Register name                         ; Reason for Removal                     ;
+---------------------------------------+----------------------------------------+
; state.EXE_ADCR                        ; Lost fanout                            ;
; state.EXE_ADCR2                       ; Lost fanout                            ;
; state.state2                          ; Stuck at GND due to stuck port data_in ;
; Total Number of Removed Registers = 3 ;                                        ;
+---------------------------------------+----------------------------------------+


+------------------------------------------------------+
; General Register Statistics                          ;
+----------------------------------------------+-------+
; Statistic                                    ; Value ;
+----------------------------------------------+-------+
; Total registers                              ; 7     ;
; Number of registers using Synchronous Clear  ; 0     ;
; Number of registers using Synchronous Load   ; 0     ;
; Number of registers using Asynchronous Clear ; 7     ;
; Number of registers using Asynchronous Load  ; 0     ;
; Number of registers using Clock Enable       ; 0     ;
; Number of registers using Preset             ; 0     ;
+----------------------------------------------+-------+


+------------------------------------------------------------------------------------------------------------------------------------------+
; Multiplexer Restructuring Statistics (Restructuring Performed)                                                                           ;
+--------------------+-----------+---------------+----------------------+------------------------+------------+----------------------------+
; Multiplexer Inputs ; Bus Width ; Baseline Area ; Area if Restructured ; Saving if Restructured ; Registered ; Example Multiplexer Output ;
+--------------------+-----------+---------------+----------------------+------------------------+------------+----------------------------+
; 256:1              ; 7 bits    ; 1190 LEs      ; 14 LEs               ; 1176 LEs               ; No         ; |small8_controller|Mux0    ;
+--------------------+-----------+---------------+----------------------+------------------------+------------+----------------------------+


+-------------------------------+
; Analysis & Synthesis Messages ;
+-------------------------------+
Info: *******************************************************************
Info: Running Quartus II Analysis & Synthesis
    Info: Version 9.1 Build 222 10/21/2009 SJ Web Edition
    Info: Processing started: Sun Apr 03 14:48:54 2016
Info: Command: quartus_map --read_settings_files=on --write_settings_files=off small8_controller -c small8_controller
Info: Found 2 design units, including 1 entities, in source file datapath_tb.vhd
    Info: Found design unit 1: datapath_tb-TB
    Info: Found entity 1: datapath_tb
Info: Found 2 design units, including 1 entities, in source file internal_toplevel_tb.vhd
    Info: Found design unit 1: internal_toplevel_tb-TB
    Info: Found entity 1: internal_toplevel_tb
Info: Found 2 design units, including 1 entities, in source file alu_8bitreg.vhd
    Info: Found design unit 1: alu_8bitreg-reg
    Info: Found entity 1: alu_8bitreg
Info: Found 2 design units, including 1 entities, in source file alu_adder.vhd
    Info: Found design unit 1: alu_adder-RIPPLE_CARRY
    Info: Found entity 1: alu_adder
Info: Found 2 design units, including 1 entities, in source file alu_addrpath.vhd
    Info: Found design unit 1: alu_addrpath-addrpath
    Info: Found entity 1: alu_addrpath
Info: Found 2 design units, including 1 entities, in source file alu_ar.vhd
    Info: Found design unit 1: alu_ar-reg
    Info: Found entity 1: alu_ar
Info: Found 2 design units, including 1 entities, in source file alu_datapath.vhd
    Info: Found design unit 1: alu_datapath-data
    Info: Found entity 1: alu_datapath
Info: Found 2 design units, including 1 entities, in source file alu_dindex_add.vhd
    Info: Found design unit 1: alu_dindex_add-add
    Info: Found entity 1: alu_dindex_add
Info: Found 2 design units, including 1 entities, in source file alu_index.vhd
    Info: Found design unit 1: alu_index-reg
    Info: Found entity 1: alu_index
Info: Found 1 design units, including 0 entities, in source file alu_lib.vhd
    Info: Found design unit 1: alu_lib
Info: Found 3 design units, including 1 entities, in source file alu_pcounter.vhd
    Info: Found design unit 1: alu_pcounter-counter
    Info: Found design unit 2: alu_pcounter-fix_one
    Info: Found entity 1: alu_pcounter
Info: Found 2 design units, including 1 entities, in source file alu_small8.vhd
    Info: Found design unit 1: alu_small8-try
    Info: Found entity 1: alu_small8
Info: Found 3 design units, including 1 entities, in source file alu_stackp.vhd
    Info: Found design unit 1: alu_stackp-counter
    Info: Found design unit 2: alu_stackp-fix_one
    Info: Found entity 1: alu_stackp
Info: Found 2 design units, including 1 entities, in source file alu_status_registers.vhd
    Info: Found design unit 1: alu_status_registers-build
    Info: Found entity 1: alu_status_registers
Info: Found 2 design units, including 1 entities, in source file alu_tbalu.vhd
    Info: Found design unit 1: alu_tbalu-TB
    Info: Found entity 1: alu_tbalu
Info: Found 2 design units, including 1 entities, in source file alu_testbus.vhd
    Info: Found design unit 1: alu_testbus-maxpld
    Info: Found entity 1: alu_testbus
Info: Found 2 design units, including 1 entities, in source file alu_tristate.vhd
    Info: Found design unit 1: alu_tristate-BHV
    Info: Found entity 1: alu_tristate
Info: Found 2 design units, including 1 entities, in source file fa.vhd
    Info: Found design unit 1: fa-BHV
    Info: Found entity 1: fa
Info: Found 2 design units, including 1 entities, in source file internal_toplevel.vhd
    Info: Found design unit 1: internal_toplevel-not_going_towork
    Info: Found entity 1: internal_toplevel
Info: Found 2 design units, including 1 entities, in source file small8_controller.vhd
    Info: Found design unit 1: small8_controller-might_work
    Info: Found entity 1: small8_controller
Info: Found 2 design units, including 1 entities, in source file small8_ram.vhd
    Info: Found design unit 1: small8_ram-SYN
    Info: Found entity 1: small8_ram
Info: Elaborating entity "small8_controller" for the top level hierarchy
Warning (10492): VHDL Process Statement warning at small8_controller.vhd(108): signal "ir_ld" is read inside the Process Statement but isn't in the Process Statement's sensitivity list
Warning (10492): VHDL Process Statement warning at small8_controller.vhd(109): signal "acc_ld" is read inside the Process Statement but isn't in the Process Statement's sensitivity list
Warning (10492): VHDL Process Statement warning at small8_controller.vhd(110): signal "dreg_ld" is read inside the Process Statement but isn't in the Process Statement's sensitivity list
Warning (10492): VHDL Process Statement warning at small8_controller.vhd(111): signal "arhigh_ld" is read inside the Process Statement but isn't in the Process Statement's sensitivity list
Warning (10492): VHDL Process Statement warning at small8_controller.vhd(112): signal "arlow_ld" is read inside the Process Statement but isn't in the Process Statement's sensitivity list
Warning (10492): VHDL Process Statement warning at small8_controller.vhd(113): signal "pc_inc" is read inside the Process Statement but isn't in the Process Statement's sensitivity list
Warning: Output pins are stuck at VCC or GND
    Warning (13410): Pin "datapath_control[0]" is stuck at GND
    Warning (13410): Pin "datapath_control[2]" is stuck at GND
    Warning (13410): Pin "datapath_control[3]" is stuck at GND
    Warning (13410): Pin "datapath_control[4]" is stuck at GND
    Warning (13410): Pin "datapath_control[5]" is stuck at GND
    Warning (13410): Pin "datapath_control[6]" is stuck at GND
    Warning (13410): Pin "datapath_control[7]" is stuck at GND
    Warning (13410): Pin "datapath_control[8]" is stuck at GND
    Warning (13410): Pin "addr_control[1]" is stuck at GND
    Warning (13410): Pin "addr_control[2]" is stuck at GND
    Warning (13410): Pin "control[0]" is stuck at GND
    Warning (13410): Pin "control[1]" is stuck at GND
    Warning (13410): Pin "control[2]" is stuck at GND
    Warning (13410): Pin "control[3]" is stuck at GND
    Warning (13410): Pin "control[4]" is stuck at GND
    Warning (13410): Pin "control[5]" is stuck at GND
    Warning (13410): Pin "control[6]" is stuck at GND
    Warning (13410): Pin "control[7]" is stuck at GND
    Warning (13410): Pin "control[8]" is stuck at GND
    Warning (13410): Pin "control[9]" is stuck at GND
    Warning (13410): Pin "control[10]" is stuck at GND
    Warning (13410): Pin "control[14]" is stuck at GND
    Warning (13410): Pin "control[15]" is stuck at GND
    Warning (13410): Pin "control[18]" is stuck at GND
    Warning (13410): Pin "control[19]" is stuck at GND
    Warning (13410): Pin "control[20]" is stuck at GND
    Warning (13410): Pin "control[22]" is stuck at GND
    Warning (13410): Pin "control[23]" is stuck at GND
Info: Timing-Driven Synthesis is running
Info: 2 registers lost all their fanouts during netlist optimizations. The first 2 are displayed below.
    Info: Register "state.EXE_ADCR" lost all its fanouts during netlist optimizations.
    Info: Register "state.EXE_ADCR2" lost all its fanouts during netlist optimizations.
Warning: Ignored assignments for entity "small8_ram" -- entity does not exist in design
    Warning: Assignment for entity set_global_assignment -name LL_ROOT_REGION ON -entity small8_ram -section_id "Root Region" was ignored
    Warning: Assignment for entity set_global_assignment -name LL_MEMBER_STATE LOCKED -entity small8_ram -section_id "Root Region" was ignored
Warning: Design contains 4 input pin(s) that do not drive logic
    Warning (15610): No output dependent on input pin "status_flags[0]"
    Warning (15610): No output dependent on input pin "status_flags[1]"
    Warning (15610): No output dependent on input pin "status_flags[2]"
    Warning (15610): No output dependent on input pin "status_flags[3]"
Info: Implemented 64 device resources after synthesis - the final resource count might be different
    Info: Implemented 14 input pins
    Info: Implemented 38 output pins
    Info: Implemented 12 logic cells
Info: Quartus II Analysis & Synthesis was successful. 0 errors, 43 warnings
    Info: Peak virtual memory: 258 megabytes
    Info: Processing ended: Sun Apr 03 14:48:56 2016
    Info: Elapsed time: 00:00:02
    Info: Total CPU time (on all processors): 00:00:02


